app/build/outputs/logs/manifest-merger-debug-report.txt
-- Merging decision tree log ---
manifest
ADDED from src\main\AndroidManifest.xml:2:1-41:12
	package
		ADDED from src\main\AndroidManifest.xml:3:7-45
		INJECTED from src\main\AndroidManifest.xml
		INJECTED from src\main\AndroidManifest.xml
	android:versionName
		ADDED from src\main\AndroidManifest.xml:5:7-32
		INJECTED from src\main\AndroidManifest.xml
		INJECTED from src\main\AndroidManifest.xml
	android:versionCode
		ADDED from src\main\AndroidManifest.xml:4:7-30
		INJECTED from src\main\AndroidManifest.xml
		INJECTED from src\main\AndroidManifest.xml
	xmlns:android
		ADDED from src\main\AndroidManifest.xml:2:11-69
supports-screens
ADDED from src\main\AndroidManifest.xml:7:5-11:33
	android:largeScreens
		ADDED from src\main\AndroidManifest.xml:9:3-31
	android:smallScreens
		ADDED from src\main\AndroidManifest.xml:11:3-31
	android:normalScreens
		ADDED from src\main\AndroidManifest.xml:10:3-32
	android:anyDensity
		ADDED from src\main\AndroidManifest.xml:8:3-29
application
ADDED from src\main\AndroidManifest.xml:13:5-31:19
	android:label
		ADDED from src\main\AndroidManifest.xml:14:19-51
	android:uiOptions
		ADDED from src\main\AndroidManifest.xml:13:19-63
	android:theme
		ADDED from src\main\AndroidManifest.xml:15:19-50
activity#com.wickham.android.pushMQTT.PushActivity
ADDED from src\main\AndroidManifest.xml:18:9-28:20
	android:label
		ADDED from src\main\AndroidManifest.xml:19:19-51
	android:launchMode
		ADDED from src\main\AndroidManifest.xml:20:19-50
	android:configChanges
		ADDED from src\main\AndroidManifest.xml:22:19-65
	android:uiOptions
		ADDED from src\main\AndroidManifest.xml:21:19-63
	android:name
		ADDED from src\main\AndroidManifest.xml:18:19-75
intent-filter#android.intent.action.MAIN+android.intent.category.LAUNCHER
ADDED from src\main\AndroidManifest.xml:24:13-27:29
action#android.intent.action.MAIN
ADDED from src\main\AndroidManifest.xml:25:17-69
	android:name
		ADDED from src\main\AndroidManifest.xml:25:25-66
category#android.intent.category.LAUNCHER
ADDED from src\main\AndroidManifest.xml:26:17-77
	android:name
		ADDED from src\main\AndroidManifest.xml:26:27-74
service#com.wickham.android.pushMQTT.MqttService
ADDED from src\main\AndroidManifest.xml:29:3-30:79
	android:label
		ADDED from src\main\AndroidManifest.xml:30:21-68
	android:name
		ADDED from src\main\AndroidManifest.xml:29:15-70
uses-permission#android.permission.INTERNET
ADDED from src\main\AndroidManifest.xml:33:5-67
	android:name
		ADDED from src\main\AndroidManifest.xml:33:22-64
uses-permission#android.permission.VIBRATE
ADDED from src\main\AndroidManifest.xml:34:2-63
	android:name
		ADDED from src\main\AndroidManifest.xml:34:19-60
uses-permission#android.permission.ACCESS_NETWORK_STATE
ADDED from src\main\AndroidManifest.xml:35:5-79
	android:name
		ADDED from src\main\AndroidManifest.xml:35:22-76
uses-permission#android.permission.WRITE_EXTERNAL_STORAGE
ADDED from src\main\AndroidManifest.xml:36:2-77
	android:name
		ADDED from src\main\AndroidManifest.xml:36:19-75
uses-permission#android.permission.ACCESS_WIFI_STATE
ADDED from src\main\AndroidManifest.xml:37:2-72
	android:name
		ADDED from src\main\AndroidManifest.xml:37:19-70
uses-permission#android.permission.CHANGE_CONFIGURATION
ADDED from src\main\AndroidManifest.xml:38:2-75
	android:name
		ADDED from src\main\AndroidManifest.xml:38:19-73
uses-permission#android.permission.WAKE_LOCK
ADDED from src\main\AndroidManifest.xml:39:2-64
	android:name
		ADDED from src\main\AndroidManifest.xml:39:19-62
uses-sdk
INJECTED from src\main\AndroidManifest.xml reason: use-sdk injection requested
	android:targetSdkVersion
		INJECTED from src\main\AndroidManifest.xml
		INJECTED from src\main\AndroidManifest.xml
	android:minSdkVersion
		INJECTED from src\main\AndroidManifest.xml
		INJECTED from src\main\AndroidManifest.xml